   1088 3.623        0   2 [Right Auditory] EOG 061 : 233.3 uV > 150.0 uV [omit]
   1272 4.236        0   3 [Left visual]
   1485 4.945        0   1 [Left Auditory]
   1709 5.691        0   4 [Right visual]
   1926 6.413        0   2 [Right Auditory]
   2112 7.033        0   3 [Left visual]
   2325 7.742        0   1 [Left Auditory]
   2519 8.388        0   4 [Right visual]
   2720 9.057        0   2 [Right Auditory]
   2932 9.763        0   3 [Left visual]
   3150 10.489       0   1 [Left Auditory]
   3359 11.185       0   4 [Right visual]
   3567 11.878       0   2 [Right Auditory]
   3762 12.527       0   3 [Left visual]
   3956 13.173       0   1 [Left Auditory]
   4366 14.538       0   2 [Right Auditory] EOG 061 : 531.2 uV > 150.0 uV [omit]
   4578 15.244       0   3 [Left visual]
   4814 16.030       0   1 [Left Auditory]
   5025 16.733       0   4 [Right visual]
   5205 17.332       0   2 [Right Auditory]
   5388 17.942       0   3 [Left visual]
   5603 18.658       0   1 [Left Auditory]
   5830 19.413       0   4 [Right visual]
